<?xml version="1.0" encoding="UTF-8"?>
<testng-results skipped="0" failed="0" ignored="0" total="1" passed="1">
  <reporter-output>
  </reporter-output>
  <suite name="Default suite" duration-ms="21418" started-at="2019-12-01T05:21:10Z" finished-at="2019-12-01T05:21:31Z">
    <groups>
    </groups>
    <test name="Default test" duration-ms="21418" started-at="2019-12-01T05:21:10Z" finished-at="2019-12-01T05:21:31Z">
      <class name="test.Shadowroot">
        <test-method status="PASS" signature="setUp()[pri:0, instance:test.Shadowroot@59f99ea]" name="setUp" is-config="true" duration-ms="10934" started-at="2019-12-01T05:21:10Z" finished-at="2019-12-01T05:21:20Z">
          <reporter-output>
          </reporter-output>
        </test-method> <!-- setUp -->
        <test-method status="PASS" signature="ShadowRootTestCase()[pri:0, instance:test.Shadowroot@59f99ea]" name="ShadowRootTestCase" duration-ms="8736" started-at="2019-12-01T05:21:21Z" finished-at="2019-12-01T05:21:29Z">
          <reporter-output>
          </reporter-output>
        </test-method> <!-- ShadowRootTestCase -->
        <test-method status="PASS" signature="closeAll()[pri:0, instance:test.Shadowroot@59f99ea]" name="closeAll" is-config="true" duration-ms="1654" started-at="2019-12-01T05:21:29Z" finished-at="2019-12-01T05:21:31Z">
          <reporter-output>
          </reporter-output>
        </test-method> <!-- closeAll -->
      </class> <!-- test.Shadowroot -->
    </test> <!-- Default test -->
  </suite> <!-- Default suite -->
</testng-results>
