<?xml version="1.0" encoding="UTF-8"?>
<testng-results skipped="0" failed="0" ignored="0" total="1" passed="1">
  <reporter-output>
  </reporter-output>
  <suite name="Default suite" duration-ms="12978" started-at="2019-11-02T12:26:32Z" finished-at="2019-11-02T12:26:45Z">
    <groups>
    </groups>
    <test name="Default test" duration-ms="12978" started-at="2019-11-02T12:26:32Z" finished-at="2019-11-02T12:26:45Z">
      <class name="ABC.PQR.WindowHandleConcept">
        <test-method status="PASS" signature="switchToWindow()[pri:0, instance:ABC.PQR.WindowHandleConcept@6767c1fc]" name="switchToWindow" duration-ms="12944" started-at="2019-11-02T12:26:32Z" finished-at="2019-11-02T12:26:45Z">
          <reporter-output>
          </reporter-output>
        </test-method> <!-- switchToWindow -->
      </class> <!-- ABC.PQR.WindowHandleConcept -->
    </test> <!-- Default test -->
  </suite> <!-- Default suite -->
</testng-results>
