<?xml version="1.0" encoding="UTF-8"?>
<testng-results skipped="0" failed="0" ignored="1" total="2" passed="1">
  <reporter-output>
  </reporter-output>
  <suite name="Default suite" duration-ms="83612" started-at="2019-12-06T19:52:35Z" finished-at="2019-12-06T19:53:59Z">
    <groups>
    </groups>
    <test name="Default test" duration-ms="83612" started-at="2019-12-06T19:52:35Z" finished-at="2019-12-06T19:53:59Z">
      <class name="com.qa.test.OlaLoginTest">
        <test-method status="PASS" signature="initializeEnviornment()[pri:0, instance:com.qa.test.OlaLoginTest@548e7350]" name="initializeEnviornment" is-config="true" duration-ms="5260" started-at="2019-12-06T19:52:35Z" finished-at="2019-12-06T19:52:40Z">
          <reporter-output>
          </reporter-output>
        </test-method> <!-- initializeEnviornment -->
        <test-method status="PASS" signature="beforeMethod()[pri:0, instance:com.qa.test.OlaLoginTest@548e7350]" name="beforeMethod" is-config="true" duration-ms="151" started-at="2019-12-06T19:52:40Z" finished-at="2019-12-06T19:52:40Z">
          <reporter-output>
          </reporter-output>
        </test-method> <!-- beforeMethod -->
        <test-method status="PASS" signature="TC_001()[pri:0, instance:com.qa.test.OlaLoginTest@548e7350]" name="TC_001" duration-ms="76491" started-at="2019-12-06T19:52:40Z" finished-at="2019-12-06T19:53:57Z">
          <reporter-output>
          </reporter-output>
        </test-method> <!-- TC_001 -->
        <test-method status="PASS" signature="tearAllDown()[pri:0, instance:com.qa.test.OlaLoginTest@548e7350]" name="tearAllDown" is-config="true" duration-ms="1689" started-at="2019-12-06T19:53:57Z" finished-at="2019-12-06T19:53:59Z">
          <reporter-output>
          </reporter-output>
        </test-method> <!-- tearAllDown -->
      </class> <!-- com.qa.test.OlaLoginTest -->
    </test> <!-- Default test -->
  </suite> <!-- Default suite -->
</testng-results>
