<?xml version="1.0" encoding="UTF-8"?>
<testng-results skipped="0" failed="0" ignored="0" total="1" passed="1">
  <reporter-output>
  </reporter-output>
  <suite name="Default suite" duration-ms="2476" started-at="2019-08-19T18:08:53Z" finished-at="2019-08-19T18:08:55Z">
    <groups>
    </groups>
    <test name="Default test" duration-ms="2476" started-at="2019-08-19T18:08:53Z" finished-at="2019-08-19T18:08:55Z">
      <class name="com.test.HomeTest">
        <test-method status="PASS" signature="Test()[pri:0, instance:com.test.HomeTest@3bfdc050]" name="Test" is-config="true" duration-ms="13802" started-at="2019-08-19T18:08:39Z" finished-at="2019-08-19T18:08:53Z">
          <reporter-output>
          </reporter-output>
        </test-method> <!-- Test -->
        <test-method status="PASS" signature="test111()[pri:0, instance:com.test.HomeTest@3bfdc050]" name="test111" is-config="true" duration-ms="5" started-at="2019-08-19T18:08:53Z" finished-at="2019-08-19T18:08:53Z">
          <reporter-output>
          </reporter-output>
        </test-method> <!-- test111 -->
        <test-method status="PASS" signature="test1()[pri:0, instance:com.test.HomeTest@3bfdc050]" name="test1" duration-ms="2425" started-at="2019-08-19T18:08:53Z" finished-at="2019-08-19T18:08:55Z">
          <reporter-output>
          </reporter-output>
        </test-method> <!-- test1 -->
        <test-method status="PASS" signature="teardown()[pri:0, instance:com.test.HomeTest@3bfdc050]" name="teardown" is-config="true" duration-ms="1" started-at="2019-08-19T18:08:56Z" finished-at="2019-08-19T18:08:56Z">
          <reporter-output>
          </reporter-output>
        </test-method> <!-- teardown -->
      </class> <!-- com.test.HomeTest -->
    </test> <!-- Default test -->
  </suite> <!-- Default suite -->
</testng-results>
